<?xml version="1.0" encoding="UTF-8"?>
<robot generator="Robot 3.2.2 (Python 3.7.0 on win32)" generated="20201016 21:47:51.426" rpa="false">
<suite id="s1" name="Testsitepractice" source="C:\Python\robot\Modulo 3\tests\testsitepractice.robot">
<kw name="Abrir navegador" library="Resource" type="setup">
<kw name="Open Browser" library="SeleniumLibrary">
<doc>Opens a new browser instance to the optional ``url``.</doc>
<arguments>
<arg>${URL}</arg>
<arg>${BROWSER}</arg>
</arguments>
<msg timestamp="20201016 21:47:51.694" level="INFO">Opening browser 'chrome' to base url 'http://automationpractice.com'.</msg>
<status status="PASS" starttime="20201016 21:47:51.694" endtime="20201016 21:48:01.423"></status>
</kw>
<status status="PASS" starttime="20201016 21:47:51.693" endtime="20201016 21:48:01.423"></status>
</kw>
<test id="s1-t1" name="Caso de Teste 01: Pesquisar produto existente">
<kw name="Acessar a página home do site" library="Resource" type="setup">
<kw name="Sleep" library="BuiltIn">
<doc>Pauses the test executed for the given time.</doc>
<arguments>
<arg>1s</arg>
</arguments>
<msg timestamp="20201016 21:48:02.427" level="INFO">Slept 1 second</msg>
<status status="PASS" starttime="20201016 21:48:01.426" endtime="20201016 21:48:02.427"></status>
</kw>
<kw name="Go To" library="SeleniumLibrary">
<doc>Navigates the current browser window to the provided ``url``.</doc>
<arguments>
<arg>${URL}</arg>
</arguments>
<msg timestamp="20201016 21:48:02.427" level="INFO">Opening url 'http://automationpractice.com'</msg>
<status status="PASS" starttime="20201016 21:48:02.427" endtime="20201016 21:48:04.295"></status>
</kw>
<kw name="Title Should Be" library="SeleniumLibrary">
<doc>Verifies that the current page title equals ``title``.</doc>
<arguments>
<arg>My Store</arg>
</arguments>
<msg timestamp="20201016 21:48:04.302" level="INFO">Page title is 'My Store'.</msg>
<status status="PASS" starttime="20201016 21:48:04.295" endtime="20201016 21:48:04.302"></status>
</kw>
<status status="PASS" starttime="20201016 21:48:01.426" endtime="20201016 21:48:04.302"></status>
</kw>
<kw name="Digitar o nome do produto &quot;Blouse&quot; no campo de pesquisa" library="Resource">
<kw name="Input Text" library="SeleniumLibrary">
<doc>Types the given ``text`` into the text field identified by ``locator``.</doc>
<arguments>
<arg>id:search_query_top</arg>
<arg>${PRODUTO}</arg>
</arguments>
<msg timestamp="20201016 21:48:04.304" level="INFO">Typing text 'Blouse' into text field 'id:search_query_top'.</msg>
<status status="PASS" starttime="20201016 21:48:04.304" endtime="20201016 21:48:04.434"></status>
</kw>
<status status="PASS" starttime="20201016 21:48:04.303" endtime="20201016 21:48:04.434"></status>
</kw>
<kw name="Clicar no botão pesquisar" library="Resource">
<kw name="Click Element" library="SeleniumLibrary">
<doc>Click the element identified by ``locator``.</doc>
<arguments>
<arg>name:submit_search</arg>
</arguments>
<msg timestamp="20201016 21:48:04.436" level="INFO">Clicking element 'name:submit_search'.</msg>
<status status="PASS" starttime="20201016 21:48:04.436" endtime="20201016 21:48:05.111"></status>
</kw>
<status status="PASS" starttime="20201016 21:48:04.435" endtime="20201016 21:48:05.112"></status>
</kw>
<kw name="Conferir se o produto &quot;Blouse&quot; foi listado no site" library="Resource">
<kw name="Conferir se a página foi exibida" library="Resource">
<kw name="Wait Until Element Is Visible" library="SeleniumLibrary">
<doc>Waits until the element ``locator`` is visible.</doc>
<arguments>
<arg>css:#center_column &gt; .page-heading</arg>
</arguments>
<status status="PASS" starttime="20201016 21:48:05.113" endtime="20201016 21:48:05.591"></status>
</kw>
<status status="PASS" starttime="20201016 21:48:05.113" endtime="20201016 21:48:05.591"></status>
</kw>
<kw name="Title Should Be" library="SeleniumLibrary">
<doc>Verifies that the current page title equals ``title``.</doc>
<arguments>
<arg>Search - My Store</arg>
</arguments>
<msg timestamp="20201016 21:48:05.597" level="INFO">Page title is 'Search - My Store'.</msg>
<status status="PASS" starttime="20201016 21:48:05.592" endtime="20201016 21:48:05.597"></status>
</kw>
<kw name="Page Should Not Contain Element" library="SeleniumLibrary">
<doc>Verifies that element ``locator`` is found on the current page.</doc>
<arguments>
<arg>css:p.alert</arg>
</arguments>
<msg timestamp="20201016 21:48:05.608" level="INFO">Current page does not contain element 'css:p.alert'.</msg>
<status status="PASS" starttime="20201016 21:48:05.597" endtime="20201016 21:48:05.609"></status>
</kw>
<kw name="Element Should Contain" library="SeleniumLibrary">
<doc>Verifies that element ``locator`` contains text ``expected``.</doc>
<arguments>
<arg>xpath://h5[@itemprop="name"]/a[@class="product-name"]</arg>
<arg>${PRODUTO}</arg>
<arg>None</arg>
<arg>True</arg>
</arguments>
<msg timestamp="20201016 21:48:05.635" level="INFO">Element 'xpath://h5[@itemprop="name"]/a[@class="product-name"]' contains text 'Blouse'.</msg>
<status status="PASS" starttime="20201016 21:48:05.609" endtime="20201016 21:48:05.636"></status>
</kw>
<status status="PASS" starttime="20201016 21:48:05.112" endtime="20201016 21:48:05.636"></status>
</kw>
<status status="PASS" starttime="20201016 21:48:01.424" endtime="20201016 21:48:05.638" critical="yes"></status>
</test>
<test id="s1-t2" name="Caso de Teste 02: Pesquisar produto não existente">
<kw name="Acessar a página home do site" library="Resource" type="setup">
<kw name="Sleep" library="BuiltIn">
<doc>Pauses the test executed for the given time.</doc>
<arguments>
<arg>1s</arg>
</arguments>
<msg timestamp="20201016 21:48:06.643" level="INFO">Slept 1 second</msg>
<status status="PASS" starttime="20201016 21:48:05.641" endtime="20201016 21:48:06.643"></status>
</kw>
<kw name="Go To" library="SeleniumLibrary">
<doc>Navigates the current browser window to the provided ``url``.</doc>
<arguments>
<arg>${URL}</arg>
</arguments>
<msg timestamp="20201016 21:48:06.644" level="INFO">Opening url 'http://automationpractice.com'</msg>
<status status="PASS" starttime="20201016 21:48:06.643" endtime="20201016 21:48:08.418"></status>
</kw>
<kw name="Title Should Be" library="SeleniumLibrary">
<doc>Verifies that the current page title equals ``title``.</doc>
<arguments>
<arg>My Store</arg>
</arguments>
<msg timestamp="20201016 21:48:08.447" level="INFO">Page title is 'My Store'.</msg>
<status status="PASS" starttime="20201016 21:48:08.418" endtime="20201016 21:48:08.448"></status>
</kw>
<status status="PASS" starttime="20201016 21:48:05.641" endtime="20201016 21:48:08.449"></status>
</kw>
<kw name="Digitar o nome do produto &quot;produtoNãoExistente&quot; no campo de pesquisa" library="Resource">
<kw name="Input Text" library="SeleniumLibrary">
<doc>Types the given ``text`` into the text field identified by ``locator``.</doc>
<arguments>
<arg>id:search_query_top</arg>
<arg>${PRODUTO}</arg>
</arguments>
<msg timestamp="20201016 21:48:08.450" level="INFO">Typing text 'produtoNãoExistente' into text field 'id:search_query_top'.</msg>
<status status="PASS" starttime="20201016 21:48:08.450" endtime="20201016 21:48:08.588"></status>
</kw>
<status status="PASS" starttime="20201016 21:48:08.449" endtime="20201016 21:48:08.588"></status>
</kw>
<kw name="Clicar no botão pesquisar" library="Resource">
<kw name="Click Element" library="SeleniumLibrary">
<doc>Click the element identified by ``locator``.</doc>
<arguments>
<arg>name:submit_search</arg>
</arguments>
<msg timestamp="20201016 21:48:08.589" level="INFO">Clicking element 'name:submit_search'.</msg>
<status status="PASS" starttime="20201016 21:48:08.589" endtime="20201016 21:48:09.328"></status>
</kw>
<status status="PASS" starttime="20201016 21:48:08.589" endtime="20201016 21:48:09.328"></status>
</kw>
<kw name="Conferir mensagem de erro &quot;No results were found for your search &quot;produtoNãoExistente&quot;&quot;" library="Resource">
<kw name="Conferir se a página foi exibida" library="Resource">
<kw name="Wait Until Element Is Visible" library="SeleniumLibrary">
<doc>Waits until the element ``locator`` is visible.</doc>
<arguments>
<arg>css:#center_column &gt; .page-heading</arg>
</arguments>
<status status="PASS" starttime="20201016 21:48:09.330" endtime="20201016 21:48:09.771"></status>
</kw>
<status status="PASS" starttime="20201016 21:48:09.329" endtime="20201016 21:48:09.771"></status>
</kw>
<kw name="Title Should Be" library="SeleniumLibrary">
<doc>Verifies that the current page title equals ``title``.</doc>
<arguments>
<arg>Search - My Store</arg>
</arguments>
<msg timestamp="20201016 21:48:09.776" level="INFO">Page title is 'Search - My Store'.</msg>
<status status="PASS" starttime="20201016 21:48:09.771" endtime="20201016 21:48:09.776"></status>
</kw>
<kw name="Element Text Should Be" library="SeleniumLibrary">
<doc>Verifies that element ``locator`` contains exact the text ``expected``.</doc>
<arguments>
<arg>css:p.alert</arg>
<arg>No results were found for your search "${PRODUTO}"</arg>
</arguments>
<msg timestamp="20201016 21:48:09.776" level="INFO">Verifying element 'css:p.alert' contains exact text 'No results were found for your search "produtoNãoExistente"'.</msg>
<status status="PASS" starttime="20201016 21:48:09.776" endtime="20201016 21:48:09.797"></status>
</kw>
<status status="PASS" starttime="20201016 21:48:09.329" endtime="20201016 21:48:09.798"></status>
</kw>
<status status="PASS" starttime="20201016 21:48:05.640" endtime="20201016 21:48:09.798" critical="yes"></status>
</test>
<test id="s1-t3" name="Caso de Teste 03: Listar produtos">
<kw name="Acessar a página home do site" library="Resource" type="setup">
<kw name="Sleep" library="BuiltIn">
<doc>Pauses the test executed for the given time.</doc>
<arguments>
<arg>1s</arg>
</arguments>
<msg timestamp="20201016 21:48:10.804" level="INFO">Slept 1 second</msg>
<status status="PASS" starttime="20201016 21:48:09.803" endtime="20201016 21:48:10.804"></status>
</kw>
<kw name="Go To" library="SeleniumLibrary">
<doc>Navigates the current browser window to the provided ``url``.</doc>
<arguments>
<arg>${URL}</arg>
</arguments>
<msg timestamp="20201016 21:48:10.804" level="INFO">Opening url 'http://automationpractice.com'</msg>
<status status="PASS" starttime="20201016 21:48:10.804" endtime="20201016 21:48:12.924"></status>
</kw>
<kw name="Title Should Be" library="SeleniumLibrary">
<doc>Verifies that the current page title equals ``title``.</doc>
<arguments>
<arg>My Store</arg>
</arguments>
<msg timestamp="20201016 21:48:12.930" level="INFO">Page title is 'My Store'.</msg>
<status status="PASS" starttime="20201016 21:48:12.924" endtime="20201016 21:48:12.930"></status>
</kw>
<status status="PASS" starttime="20201016 21:48:09.803" endtime="20201016 21:48:12.930"></status>
</kw>
<kw name="Passar o mouse por cima da categoria &quot;Women&quot; no menu principal superior de categorias" library="Resource">
<kw name="Mouse Over" library="SeleniumLibrary">
<doc>Simulates hovering the mouse over the element ``locator``.</doc>
<arguments>
<arg>xpath://a[@title='${MENU_ITEM}']</arg>
</arguments>
<msg timestamp="20201016 21:48:12.932" level="INFO">Simulating Mouse Over on element 'xpath://a[@title='Women']'.</msg>
<status status="PASS" starttime="20201016 21:48:12.932" endtime="20201016 21:48:13.248"></status>
</kw>
<status status="PASS" starttime="20201016 21:48:12.931" endtime="20201016 21:48:13.248"></status>
</kw>
<kw name="Clicar na sub categoria &quot;Summer Dresses&quot;" library="Resource">
<kw name="Click Element" library="SeleniumLibrary">
<doc>Click the element identified by ``locator``.</doc>
<arguments>
<arg>xpath://a[@title='${SUBMENU_ITEM}']</arg>
</arguments>
<msg timestamp="20201016 21:48:13.250" level="INFO">Clicking element 'xpath://a[@title='Summer Dresses']'.</msg>
<status status="PASS" starttime="20201016 21:48:13.250" endtime="20201016 21:48:17.364"></status>
</kw>
<status status="PASS" starttime="20201016 21:48:13.249" endtime="20201016 21:48:17.364"></status>
</kw>
<kw name="Conferir se a categoria &quot;Summer Dresses&quot; foi listada no site" library="Resource">
<kw name="Conferir se a página foi exibida" library="Resource">
<kw name="Wait Until Element Is Visible" library="SeleniumLibrary">
<doc>Waits until the element ``locator`` is visible.</doc>
<arguments>
<arg>css:#center_column &gt; .page-heading</arg>
</arguments>
<status status="PASS" starttime="20201016 21:48:17.366" endtime="20201016 21:48:17.388"></status>
</kw>
<status status="PASS" starttime="20201016 21:48:17.366" endtime="20201016 21:48:17.388"></status>
</kw>
<kw name="Element Text Should Be" library="SeleniumLibrary">
<doc>Verifies that element ``locator`` contains exact the text ``expected``.</doc>
<arguments>
<arg>css:span.category-name</arg>
<arg>${MENU_ITEM}</arg>
</arguments>
<msg timestamp="20201016 21:48:17.388" level="INFO">Verifying element 'css:span.category-name' contains exact text 'Summer Dresses'.</msg>
<status status="PASS" starttime="20201016 21:48:17.388" endtime="20201016 21:48:17.415"></status>
</kw>
<status status="PASS" starttime="20201016 21:48:17.365" endtime="20201016 21:48:17.416"></status>
</kw>
<status status="PASS" starttime="20201016 21:48:09.802" endtime="20201016 21:48:17.416" critical="yes"></status>
</test>
<test id="s1-t4" name="Caso de Teste 04: Adicionar produtos no carrinho">
<kw name="Acessar a página home do site" library="Resource" type="setup">
<kw name="Sleep" library="BuiltIn">
<doc>Pauses the test executed for the given time.</doc>
<arguments>
<arg>1s</arg>
</arguments>
<msg timestamp="20201016 21:48:18.421" level="INFO">Slept 1 second</msg>
<status status="PASS" starttime="20201016 21:48:17.419" endtime="20201016 21:48:18.421"></status>
</kw>
<kw name="Go To" library="SeleniumLibrary">
<doc>Navigates the current browser window to the provided ``url``.</doc>
<arguments>
<arg>${URL}</arg>
</arguments>
<msg timestamp="20201016 21:48:18.421" level="INFO">Opening url 'http://automationpractice.com'</msg>
<status status="PASS" starttime="20201016 21:48:18.421" endtime="20201016 21:48:22.002"></status>
</kw>
<kw name="Title Should Be" library="SeleniumLibrary">
<doc>Verifies that the current page title equals ``title``.</doc>
<arguments>
<arg>My Store</arg>
</arguments>
<msg timestamp="20201016 21:48:22.008" level="INFO">Page title is 'My Store'.</msg>
<status status="PASS" starttime="20201016 21:48:22.002" endtime="20201016 21:48:22.008"></status>
</kw>
<status status="PASS" starttime="20201016 21:48:17.419" endtime="20201016 21:48:22.008"></status>
</kw>
<kw name="Digitar o nome do produto &quot;t-shirt&quot; no campo de pesquisa" library="Resource">
<kw name="Input Text" library="SeleniumLibrary">
<doc>Types the given ``text`` into the text field identified by ``locator``.</doc>
<arguments>
<arg>id:search_query_top</arg>
<arg>${PRODUTO}</arg>
</arguments>
<msg timestamp="20201016 21:48:22.010" level="INFO">Typing text 't-shirt' into text field 'id:search_query_top'.</msg>
<status status="PASS" starttime="20201016 21:48:22.010" endtime="20201016 21:48:22.129"></status>
</kw>
<status status="PASS" starttime="20201016 21:48:22.009" endtime="20201016 21:48:22.129"></status>
</kw>
<kw name="Clicar no botão pesquisar" library="Resource">
<kw name="Click Element" library="SeleniumLibrary">
<doc>Click the element identified by ``locator``.</doc>
<arguments>
<arg>name:submit_search</arg>
</arguments>
<msg timestamp="20201016 21:48:22.132" level="INFO">Clicking element 'name:submit_search'.</msg>
<status status="PASS" starttime="20201016 21:48:22.131" endtime="20201016 21:48:22.843"></status>
</kw>
<status status="PASS" starttime="20201016 21:48:22.130" endtime="20201016 21:48:22.844"></status>
</kw>
<kw name="Conferir se o produto &quot;t-shirt&quot; foi listado no site" library="Resource">
<kw name="Conferir se a página foi exibida" library="Resource">
<kw name="Wait Until Element Is Visible" library="SeleniumLibrary">
<doc>Waits until the element ``locator`` is visible.</doc>
<arguments>
<arg>css:#center_column &gt; .page-heading</arg>
</arguments>
<status status="PASS" starttime="20201016 21:48:22.846" endtime="20201016 21:48:23.299"></status>
</kw>
<status status="PASS" starttime="20201016 21:48:22.845" endtime="20201016 21:48:23.299"></status>
</kw>
<kw name="Title Should Be" library="SeleniumLibrary">
<doc>Verifies that the current page title equals ``title``.</doc>
<arguments>
<arg>Search - My Store</arg>
</arguments>
<msg timestamp="20201016 21:48:23.304" level="INFO">Page title is 'Search - My Store'.</msg>
<status status="PASS" starttime="20201016 21:48:23.300" endtime="20201016 21:48:23.304"></status>
</kw>
<kw name="Page Should Not Contain Element" library="SeleniumLibrary">
<doc>Verifies that element ``locator`` is found on the current page.</doc>
<arguments>
<arg>css:p.alert</arg>
</arguments>
<msg timestamp="20201016 21:48:23.313" level="INFO">Current page does not contain element 'css:p.alert'.</msg>
<status status="PASS" starttime="20201016 21:48:23.305" endtime="20201016 21:48:23.314"></status>
</kw>
<kw name="Element Should Contain" library="SeleniumLibrary">
<doc>Verifies that element ``locator`` contains text ``expected``.</doc>
<arguments>
<arg>xpath://h5[@itemprop="name"]/a[@class="product-name"]</arg>
<arg>${PRODUTO}</arg>
<arg>None</arg>
<arg>True</arg>
</arguments>
<msg timestamp="20201016 21:48:23.345" level="INFO">Element 'xpath://h5[@itemprop="name"]/a[@class="product-name"]' contains text 't-shirt'.</msg>
<status status="PASS" starttime="20201016 21:48:23.314" endtime="20201016 21:48:23.345"></status>
</kw>
<status status="PASS" starttime="20201016 21:48:22.845" endtime="20201016 21:48:23.346"></status>
</kw>
<kw name="Clicar no botão &quot;Add to cart&quot;" library="Resource">
<kw name="Scroll Element Into View" library="SeleniumLibrary">
<doc>Scrolls the element identified by ``locator`` into view.</doc>
<arguments>
<arg>css:span.available-now</arg>
</arguments>
<status status="PASS" starttime="20201016 21:48:23.347" endtime="20201016 21:48:23.643"></status>
</kw>
<kw name="Mouse Over" library="SeleniumLibrary">
<doc>Simulates hovering the mouse over the element ``locator``.</doc>
<arguments>
<arg>css:li.ajax_block_product</arg>
</arguments>
<msg timestamp="20201016 21:48:23.643" level="INFO">Simulating Mouse Over on element 'css:li.ajax_block_product'.</msg>
<status status="PASS" starttime="20201016 21:48:23.643" endtime="20201016 21:48:23.921"></status>
</kw>
<kw name="Wait Until Element Is Visible" library="SeleniumLibrary">
<doc>Waits until the element ``locator`` is visible.</doc>
<arguments>
<arg>xpath://a[@title='Add to cart']</arg>
</arguments>
<status status="PASS" starttime="20201016 21:48:23.921" endtime="20201016 21:48:23.948"></status>
</kw>
<kw name="Click Element" library="SeleniumLibrary">
<doc>Click the element identified by ``locator``.</doc>
<arguments>
<arg>xpath://a[@title='Add to cart']</arg>
</arguments>
<msg timestamp="20201016 21:48:23.948" level="INFO">Clicking element 'xpath://a[@title='Add to cart']'.</msg>
<status status="PASS" starttime="20201016 21:48:23.948" endtime="20201016 21:48:24.004"></status>
</kw>
<status status="PASS" starttime="20201016 21:48:23.346" endtime="20201016 21:48:24.005"></status>
</kw>
<kw name="Clicar no botão &quot;Proceed to chekout&quot;" library="Resource">
<kw name="Wait Until Element Is Visible" library="SeleniumLibrary">
<doc>Waits until the element ``locator`` is visible.</doc>
<arguments>
<arg>id:layer_cart</arg>
</arguments>
<status status="PASS" starttime="20201016 21:48:24.007" endtime="20201016 21:48:24.919"></status>
</kw>
<kw name="Click Element" library="SeleniumLibrary">
<doc>Click the element identified by ``locator``.</doc>
<arguments>
<arg>xpath://a[@title='Proceed to checkout']</arg>
</arguments>
<msg timestamp="20201016 21:48:24.919" level="INFO">Clicking element 'xpath://a[@title='Proceed to checkout']'.</msg>
<status status="PASS" starttime="20201016 21:48:24.919" endtime="20201016 21:48:26.354"></status>
</kw>
<status status="PASS" starttime="20201016 21:48:24.006" endtime="20201016 21:48:26.354"></status>
</kw>
<kw name="Verificar se o produto &quot;t-shirt&quot; foi adicionado ao carrinho" library="Resource">
<kw name="Conferir se a página foi exibida" library="Resource">
<kw name="Wait Until Element Is Visible" library="SeleniumLibrary">
<doc>Waits until the element ``locator`` is visible.</doc>
<arguments>
<arg>css:#center_column &gt; .page-heading</arg>
</arguments>
<status status="PASS" starttime="20201016 21:48:26.357" endtime="20201016 21:48:26.383"></status>
</kw>
<status status="PASS" starttime="20201016 21:48:26.356" endtime="20201016 21:48:26.383"></status>
</kw>
<kw name="Title Should Be" library="SeleniumLibrary">
<doc>Verifies that the current page title equals ``title``.</doc>
<arguments>
<arg>Order - My Store</arg>
</arguments>
<msg timestamp="20201016 21:48:26.389" level="INFO">Page title is 'Order - My Store'.</msg>
<status status="PASS" starttime="20201016 21:48:26.383" endtime="20201016 21:48:26.389"></status>
</kw>
<kw name="Element Text Should Be" library="SeleniumLibrary">
<doc>Verifies that element ``locator`` contains exact the text ``expected``.</doc>
<arguments>
<arg>id:summary_products_quantity</arg>
<arg>1 Product</arg>
</arguments>
<msg timestamp="20201016 21:48:26.390" level="INFO">Verifying element 'id:summary_products_quantity' contains exact text '1 Product'.</msg>
<status status="PASS" starttime="20201016 21:48:26.389" endtime="20201016 21:48:26.420"></status>
</kw>
<status status="PASS" starttime="20201016 21:48:26.355" endtime="20201016 21:48:26.420"></status>
</kw>
<status status="PASS" starttime="20201016 21:48:17.418" endtime="20201016 21:48:26.421" critical="yes"></status>
</test>
<test id="s1-t5" name="Caso de Teste 05: Remover produtos">
<kw name="Acessar a página home do site" library="Resource" type="setup">
<kw name="Sleep" library="BuiltIn">
<doc>Pauses the test executed for the given time.</doc>
<arguments>
<arg>1s</arg>
</arguments>
<msg timestamp="20201016 21:48:27.427" level="INFO">Slept 1 second</msg>
<status status="PASS" starttime="20201016 21:48:26.426" endtime="20201016 21:48:27.427"></status>
</kw>
<kw name="Go To" library="SeleniumLibrary">
<doc>Navigates the current browser window to the provided ``url``.</doc>
<arguments>
<arg>${URL}</arg>
</arguments>
<msg timestamp="20201016 21:48:27.428" level="INFO">Opening url 'http://automationpractice.com'</msg>
<status status="PASS" starttime="20201016 21:48:27.427" endtime="20201016 21:48:29.227"></status>
</kw>
<kw name="Title Should Be" library="SeleniumLibrary">
<doc>Verifies that the current page title equals ``title``.</doc>
<arguments>
<arg>My Store</arg>
</arguments>
<msg timestamp="20201016 21:48:29.234" level="INFO">Page title is 'My Store'.</msg>
<status status="PASS" starttime="20201016 21:48:29.227" endtime="20201016 21:48:29.234"></status>
</kw>
<status status="PASS" starttime="20201016 21:48:26.426" endtime="20201016 21:48:29.235"></status>
</kw>
<kw name="Clicar no ícone carrinho de compras no menu superior direito" library="Resource">
<kw name="Click Element" library="SeleniumLibrary">
<doc>Click the element identified by ``locator``.</doc>
<arguments>
<arg>xpath://a[@title='View my shopping cart']</arg>
</arguments>
<msg timestamp="20201016 21:48:29.238" level="INFO">Clicking element 'xpath://a[@title='View my shopping cart']'.</msg>
<status status="PASS" starttime="20201016 21:48:29.237" endtime="20201016 21:48:30.015"></status>
</kw>
<status status="PASS" starttime="20201016 21:48:29.236" endtime="20201016 21:48:30.015"></status>
</kw>
<kw name="Clicar no botão de remoção de produtos (delete) no produto do carrinho" library="Resource">
<kw name="Conferir se a página foi exibida" library="Resource">
<kw name="Wait Until Element Is Visible" library="SeleniumLibrary">
<doc>Waits until the element ``locator`` is visible.</doc>
<arguments>
<arg>css:#center_column &gt; .page-heading</arg>
</arguments>
<status status="PASS" starttime="20201016 21:48:30.018" endtime="20201016 21:48:30.276"></status>
</kw>
<status status="PASS" starttime="20201016 21:48:30.017" endtime="20201016 21:48:30.276"></status>
</kw>
<kw name="Scroll Element Into View" library="SeleniumLibrary">
<doc>Scrolls the element identified by ``locator`` into view.</doc>
<arguments>
<arg>id:total_product</arg>
</arguments>
<status status="PASS" starttime="20201016 21:48:30.277" endtime="20201016 21:48:30.590"></status>
</kw>
<kw name="Click Element" library="SeleniumLibrary">
<doc>Click the element identified by ``locator``.</doc>
<arguments>
<arg>xpath://a[@title='Delete']</arg>
</arguments>
<msg timestamp="20201016 21:48:30.591" level="INFO">Clicking element 'xpath://a[@title='Delete']'.</msg>
<status status="PASS" starttime="20201016 21:48:30.590" endtime="20201016 21:48:30.648"></status>
</kw>
<kw name="Conferir se a página foi exibida" library="Resource">
<kw name="Wait Until Element Is Visible" library="SeleniumLibrary">
<doc>Waits until the element ``locator`` is visible.</doc>
<arguments>
<arg>css:#center_column &gt; .page-heading</arg>
</arguments>
<status status="PASS" starttime="20201016 21:48:30.649" endtime="20201016 21:48:30.668"></status>
</kw>
<status status="PASS" starttime="20201016 21:48:30.649" endtime="20201016 21:48:30.668"></status>
</kw>
<kw name="Page Should Contain Element" library="SeleniumLibrary">
<doc>Verifies that element ``locator`` is found on the current page.</doc>
<arguments>
<arg>css:p.alert</arg>
</arguments>
<msg timestamp="20201016 21:48:30.676" level="INFO">Current page contains element 'css:p.alert'.</msg>
<status status="PASS" starttime="20201016 21:48:30.669" endtime="20201016 21:48:30.676"></status>
</kw>
<status status="PASS" starttime="20201016 21:48:30.016" endtime="20201016 21:48:30.677"></status>
</kw>
<status status="PASS" starttime="20201016 21:48:26.425" endtime="20201016 21:48:30.677" critical="yes"></status>
</test>
<test id="s1-t6" name="Caso de Teste 06: Adicionar cliente">
<kw name="Acessar a página home do site" library="Resource" type="setup">
<kw name="Sleep" library="BuiltIn">
<doc>Pauses the test executed for the given time.</doc>
<arguments>
<arg>1s</arg>
</arguments>
<msg timestamp="20201016 21:48:31.681" level="INFO">Slept 1 second</msg>
<status status="PASS" starttime="20201016 21:48:30.680" endtime="20201016 21:48:31.681"></status>
</kw>
<kw name="Go To" library="SeleniumLibrary">
<doc>Navigates the current browser window to the provided ``url``.</doc>
<arguments>
<arg>${URL}</arg>
</arguments>
<msg timestamp="20201016 21:48:31.681" level="INFO">Opening url 'http://automationpractice.com'</msg>
<status status="PASS" starttime="20201016 21:48:31.681" endtime="20201016 21:48:33.827"></status>
</kw>
<kw name="Title Should Be" library="SeleniumLibrary">
<doc>Verifies that the current page title equals ``title``.</doc>
<arguments>
<arg>My Store</arg>
</arguments>
<msg timestamp="20201016 21:48:33.850" level="INFO">Page title is 'My Store'.</msg>
<status status="PASS" starttime="20201016 21:48:33.827" endtime="20201016 21:48:33.850"></status>
</kw>
<status status="PASS" starttime="20201016 21:48:30.680" endtime="20201016 21:48:33.850"></status>
</kw>
<kw name="Clicar no botão superior direito &quot;Sign in&quot;" library="Resource">
<kw name="Click Element" library="SeleniumLibrary">
<doc>Click the element identified by ``locator``.</doc>
<arguments>
<arg>xpath://a[@title='Log in to your customer account']</arg>
</arguments>
<msg timestamp="20201016 21:48:33.852" level="INFO">Clicking element 'xpath://a[@title='Log in to your customer account']'.</msg>
<status status="PASS" starttime="20201016 21:48:33.852" endtime="20201016 21:48:35.104"></status>
</kw>
<status status="PASS" starttime="20201016 21:48:33.851" endtime="20201016 21:48:35.105"></status>
</kw>
<kw name="Inserir um e-mail válido" library="Resource">
<kw name="Conferir se a página foi exibida" library="Resource">
<kw name="Wait Until Element Is Visible" library="SeleniumLibrary">
<doc>Waits until the element ``locator`` is visible.</doc>
<arguments>
<arg>css:#center_column &gt; .page-heading</arg>
</arguments>
<status status="PASS" starttime="20201016 21:48:35.107" endtime="20201016 21:48:35.762"></status>
</kw>
<status status="PASS" starttime="20201016 21:48:35.106" endtime="20201016 21:48:35.762"></status>
</kw>
<kw name="Generate Random String" library="String">
<doc>Generates a string with a desired ``length`` from the given ``chars``.</doc>
<arguments>
<arg>8</arg>
<arg>[LOWER][UPPER][NUMBERS]</arg>
</arguments>
<assign>
<var>${EMAIL}</var>
</assign>
<msg timestamp="20201016 21:48:35.763" level="INFO">${EMAIL} = HJza41FS</msg>
<status status="PASS" starttime="20201016 21:48:35.763" endtime="20201016 21:48:35.763"></status>
</kw>
<kw name="Catenate" library="BuiltIn">
<doc>Catenates the given items together and returns the resulted string.</doc>
<arguments>
<arg>SEPARATOR=</arg>
<arg>${EMAIL}</arg>
<arg>@teste.com.br</arg>
</arguments>
<assign>
<var>${EMAIL}</var>
</assign>
<msg timestamp="20201016 21:48:35.764" level="INFO">${EMAIL} = HJza41FS@teste.com.br</msg>
<status status="PASS" starttime="20201016 21:48:35.763" endtime="20201016 21:48:35.764"></status>
</kw>
<kw name="Set Suite Variable" library="BuiltIn">
<doc>Makes a variable available everywhere within the scope of the current suite.</doc>
<arguments>
<arg>${EMAIL}</arg>
</arguments>
<msg timestamp="20201016 21:48:35.764" level="INFO">${EMAIL} = HJza41FS@teste.com.br</msg>
<status status="PASS" starttime="20201016 21:48:35.764" endtime="20201016 21:48:35.765"></status>
</kw>
<kw name="Scroll Element Into View" library="SeleniumLibrary">
<doc>Scrolls the element identified by ``locator`` into view.</doc>
<arguments>
<arg>id:SubmitCreate</arg>
</arguments>
<status status="PASS" starttime="20201016 21:48:35.765" endtime="20201016 21:48:36.046"></status>
</kw>
<kw name="Input Text" library="SeleniumLibrary">
<doc>Types the given ``text`` into the text field identified by ``locator``.</doc>
<arguments>
<arg>id:email_create</arg>
<arg>${EMAIL}</arg>
</arguments>
<msg timestamp="20201016 21:48:36.047" level="INFO">Typing text 'HJza41FS@teste.com.br' into text field 'id:email_create'.</msg>
<status status="PASS" starttime="20201016 21:48:36.047" endtime="20201016 21:48:36.167"></status>
</kw>
<status status="PASS" starttime="20201016 21:48:35.106" endtime="20201016 21:48:36.167"></status>
</kw>
<kw name="Clicar no botão &quot;Create na account&quot;" library="Resource">
<kw name="Click Element" library="SeleniumLibrary">
<doc>Click the element identified by ``locator``.</doc>
<arguments>
<arg>id:SubmitCreate</arg>
</arguments>
<msg timestamp="20201016 21:48:36.169" level="INFO">Clicking element 'id:SubmitCreate'.</msg>
<status status="PASS" starttime="20201016 21:48:36.168" endtime="20201016 21:48:36.241"></status>
</kw>
<status status="PASS" starttime="20201016 21:48:36.168" endtime="20201016 21:48:36.241"></status>
</kw>
<kw name="Preencher os campos obrigatórios" library="Resource">
<kw name="Wait Until Element Is Visible" library="SeleniumLibrary">
<doc>Waits until the element ``locator`` is visible.</doc>
<arguments>
<arg>css:div.account_creation</arg>
</arguments>
<status status="PASS" starttime="20201016 21:48:36.243" endtime="20201016 21:48:37.722"></status>
</kw>
<kw name="Generate Random String" library="String">
<doc>Generates a string with a desired ``length`` from the given ``chars``.</doc>
<arguments>
<arg>5</arg>
<arg>[LOWER][UPPER][NUMBERS]</arg>
</arguments>
<assign>
<var>${PASSW}</var>
</assign>
<msg timestamp="20201016 21:48:37.723" level="INFO">${PASSW} = XDzBJ</msg>
<status status="PASS" starttime="20201016 21:48:37.723" endtime="20201016 21:48:37.723"></status>
</kw>
<kw name="Select Radio Button" library="SeleniumLibrary">
<doc>Sets the radio button group ``group_name`` to ``value``.</doc>
<arguments>
<arg>id_gender</arg>
<arg>1</arg>
</arguments>
<msg timestamp="20201016 21:48:37.723" level="INFO">Selecting '1' from radio button 'id_gender'.</msg>
<status status="PASS" starttime="20201016 21:48:37.723" endtime="20201016 21:48:37.802"></status>
</kw>
<kw name="Input Text" library="SeleniumLibrary">
<doc>Types the given ``text`` into the text field identified by ``locator``.</doc>
<arguments>
<arg>id:customer_firstname</arg>
<arg>Teste</arg>
</arguments>
<msg timestamp="20201016 21:48:37.802" level="INFO">Typing text 'Teste' into text field 'id:customer_firstname'.</msg>
<status status="PASS" starttime="20201016 21:48:37.802" endtime="20201016 21:48:37.948"></status>
</kw>
<kw name="Input Text" library="SeleniumLibrary">
<doc>Types the given ``text`` into the text field identified by ``locator``.</doc>
<arguments>
<arg>id:customer_lastname</arg>
<arg>Teste</arg>
</arguments>
<msg timestamp="20201016 21:48:37.949" level="INFO">Typing text 'Teste' into text field 'id:customer_lastname'.</msg>
<status status="PASS" starttime="20201016 21:48:37.948" endtime="20201016 21:48:38.089"></status>
</kw>
<kw name="Input Text" library="SeleniumLibrary">
<doc>Types the given ``text`` into the text field identified by ``locator``.</doc>
<arguments>
<arg>id:email</arg>
<arg>${EMAIL}</arg>
</arguments>
<msg timestamp="20201016 21:48:38.090" level="INFO">Typing text 'HJza41FS@teste.com.br' into text field 'id:email'.</msg>
<status status="PASS" starttime="20201016 21:48:38.089" endtime="20201016 21:48:38.372"></status>
</kw>
<kw name="Input Text" library="SeleniumLibrary">
<doc>Types the given ``text`` into the text field identified by ``locator``.</doc>
<arguments>
<arg>id:passwd</arg>
<arg>${PASSW}</arg>
</arguments>
<msg timestamp="20201016 21:48:38.373" level="INFO">Typing text 'XDzBJ' into text field 'id:passwd'.</msg>
<status status="PASS" starttime="20201016 21:48:38.373" endtime="20201016 21:48:38.523"></status>
</kw>
<kw name="Scroll Element Into View" library="SeleniumLibrary">
<doc>Scrolls the element identified by ``locator`` into view.</doc>
<arguments>
<arg>id:postcode</arg>
</arguments>
<status status="PASS" starttime="20201016 21:48:38.523" endtime="20201016 21:48:38.816"></status>
</kw>
<kw name="Input Text" library="SeleniumLibrary">
<doc>Types the given ``text`` into the text field identified by ``locator``.</doc>
<arguments>
<arg>id:firstname</arg>
<arg>Teste</arg>
</arguments>
<msg timestamp="20201016 21:48:38.816" level="INFO">Typing text 'Teste' into text field 'id:firstname'.</msg>
<status status="PASS" starttime="20201016 21:48:38.816" endtime="20201016 21:48:38.988"></status>
</kw>
<kw name="Input Text" library="SeleniumLibrary">
<doc>Types the given ``text`` into the text field identified by ``locator``.</doc>
<arguments>
<arg>id:lastname</arg>
<arg>Teste</arg>
</arguments>
<msg timestamp="20201016 21:48:38.989" level="INFO">Typing text 'Teste' into text field 'id:lastname'.</msg>
<status status="PASS" starttime="20201016 21:48:38.988" endtime="20201016 21:48:39.122"></status>
</kw>
<kw name="Input Text" library="SeleniumLibrary">
<doc>Types the given ``text`` into the text field identified by ``locator``.</doc>
<arguments>
<arg>id:address1</arg>
<arg>Teste</arg>
</arguments>
<msg timestamp="20201016 21:48:39.123" level="INFO">Typing text 'Teste' into text field 'id:address1'.</msg>
<status status="PASS" starttime="20201016 21:48:39.123" endtime="20201016 21:48:39.268"></status>
</kw>
<kw name="Input Text" library="SeleniumLibrary">
<doc>Types the given ``text`` into the text field identified by ``locator``.</doc>
<arguments>
<arg>id:city</arg>
<arg>Teste</arg>
</arguments>
<msg timestamp="20201016 21:48:39.269" level="INFO">Typing text 'Teste' into text field 'id:city'.</msg>
<status status="PASS" starttime="20201016 21:48:39.268" endtime="20201016 21:48:39.397"></status>
</kw>
<kw name="Input Text" library="SeleniumLibrary">
<doc>Types the given ``text`` into the text field identified by ``locator``.</doc>
<arguments>
<arg>id:postcode</arg>
<arg>11111111</arg>
</arguments>
<msg timestamp="20201016 21:48:39.398" level="INFO">Typing text '11111111' into text field 'id:postcode'.</msg>
<status status="PASS" starttime="20201016 21:48:39.398" endtime="20201016 21:48:39.527"></status>
</kw>
<kw name="Select From List By Value" library="SeleniumLibrary">
<doc>Selects options from selection list ``locator`` by ``values``.</doc>
<arguments>
<arg>id:id_state</arg>
<arg>1</arg>
</arguments>
<msg timestamp="20201016 21:48:39.527" level="INFO">Selecting options from selection list 'id:id_state' by value 1.</msg>
<status status="PASS" starttime="20201016 21:48:39.527" endtime="20201016 21:48:39.638"></status>
</kw>
<kw name="Scroll Element Into View" library="SeleniumLibrary">
<doc>Scrolls the element identified by ``locator`` into view.</doc>
<arguments>
<arg>id:submitAccount</arg>
</arguments>
<status status="PASS" starttime="20201016 21:48:39.638" endtime="20201016 21:48:39.933"></status>
</kw>
<kw name="Select From List By Value" library="SeleniumLibrary">
<doc>Selects options from selection list ``locator`` by ``values``.</doc>
<arguments>
<arg>id:id_country</arg>
<arg>21</arg>
</arguments>
<msg timestamp="20201016 21:48:39.934" level="INFO">Selecting options from selection list 'id:id_country' by value 21.</msg>
<status status="PASS" starttime="20201016 21:48:39.933" endtime="20201016 21:48:39.984"></status>
</kw>
<kw name="Input Text" library="SeleniumLibrary">
<doc>Types the given ``text`` into the text field identified by ``locator``.</doc>
<arguments>
<arg>id:phone_mobile</arg>
<arg>11111111</arg>
</arguments>
<msg timestamp="20201016 21:48:39.984" level="INFO">Typing text '11111111' into text field 'id:phone_mobile'.</msg>
<status status="PASS" starttime="20201016 21:48:39.984" endtime="20201016 21:48:40.126"></status>
</kw>
<kw name="Input Text" library="SeleniumLibrary">
<doc>Types the given ``text`` into the text field identified by ``locator``.</doc>
<arguments>
<arg>id:alias</arg>
<arg>My address</arg>
</arguments>
<msg timestamp="20201016 21:48:40.127" level="INFO">Typing text 'My address' into text field 'id:alias'.</msg>
<status status="PASS" starttime="20201016 21:48:40.127" endtime="20201016 21:48:40.253"></status>
</kw>
<status status="PASS" starttime="20201016 21:48:36.242" endtime="20201016 21:48:40.254"></status>
</kw>
<kw name="Clicar em &quot;Register&quot;para finalizar o cadastro" library="Resource">
<kw name="Click Element" library="SeleniumLibrary">
<doc>Click the element identified by ``locator``.</doc>
<arguments>
<arg>id:submitAccount</arg>
</arguments>
<msg timestamp="20201016 21:48:40.255" level="INFO">Clicking element 'id:submitAccount'.</msg>
<status status="PASS" starttime="20201016 21:48:40.255" endtime="20201016 21:48:41.734"></status>
</kw>
<status status="PASS" starttime="20201016 21:48:40.254" endtime="20201016 21:48:41.734"></status>
</kw>
<status status="PASS" starttime="20201016 21:48:30.679" endtime="20201016 21:48:41.735" critical="yes"></status>
</test>
<kw name="Fechar navegador" library="Resource" type="teardown">
<kw name="Close Browser" library="SeleniumLibrary">
<doc>Closes the current browser.</doc>
<status status="PASS" starttime="20201016 21:48:41.738" endtime="20201016 21:48:43.952"></status>
</kw>
<status status="PASS" starttime="20201016 21:48:41.738" endtime="20201016 21:48:43.952"></status>
</kw>
<status status="PASS" starttime="20201016 21:47:51.428" endtime="20201016 21:48:43.952"></status>
</suite>
<statistics>
<total>
<stat pass="6" fail="0">Critical Tests</stat>
<stat pass="6" fail="0">All Tests</stat>
</total>
<tag>
</tag>
<suite>
<stat pass="6" fail="0" id="s1" name="Testsitepractice">Testsitepractice</stat>
</suite>
</statistics>
<errors>
</errors>
</robot>
